-- Незакрытый блок отмены форматирования должен выдавать предупреждение

begin
    if a > b then
        b := a;
    else
        a := b;
    end if;
    /* -- vvv -- Отсюда не форматируем */
      if a >
    b then b := a
    /* -- vvv -- Отсюда тоже не форматируем */
    ; else a
      := b; end if;
    /* -- ^^^ -- Отсюда снова якобы форматируем */
    if a > b
  then b := a; else a := b;
    end if;
end;

-- А вот здесь должно вылетать предупреждение

/*/ !!! ВНИМАНИЕ !!! К концу печати осталась незакрытая команда отмены форматирования !!! /*/