-- Списки значений в p_param_names и p_param_values должны быть 
-- разбиты на строки и выведены с правильным выравниванием

begin
    top_log_calc.add_log
        (
            p_indent => c_ind + 1,
            p_text => 'Added calculated row for aggregate',
            p_param_names => t_varchar_table
                (
                    'sup_sku_code',
                    'shipment_point_code',
                    'transport_type_code',
                    'dev_sku_code',
                    'sup_style_color_code',
                    'dev_style_color_coll_code',
                    'dev_style_color_code',
                    'collection_code',
                    'delivery_country_code',
                    'main_currency_code',
                    'alt_currency_code',
                    'royalty_rate',
                    'royalty_base',
                    'planned_volume',
                    'planned_weight',
                    'effective_date',
                    'vat_rate',
                    'target_mup',
                    'lc_net_main_currency',
                    'lc_net_alt_currency',
                    'hs_code',
                    'planned_mup',
                    'production_region_code',
                    'rrp_net',
                    'error_text',
                    'pp_net_main_currency',
                    'pp_net_alt_currency',
                    'custom_type',
                    'custom_cost_main_currency',
                    'custom_cost_alt_currency',
                    'royalty_cost_main_currency',
                    'royalty_cost_alt_currency',
                    'delivery_cost_main_currency',
                    'delivery_cost_alt_currency',
                    'purchase_price',
                    'purchase_price_currency_code',
                    'purchase_price_vat_type',
                    'purchase_price_alt',
                    'roaylty_percent_to_pp',
                    'custom_percent_to_pp',
                    'delivery_percent_to_pp',
                    'quantity_total',
                    'quantity_retail',
                    'quantity_wholesale',
                    'quantity_on_hold',
                    'is_multiple_regions',
                    'is_priority',
                    'is_priority_manual',
                    'is_priority_base',
                    'errors',
                    'po code',
                    'specification code',
                    'planned weight',
                    'planned_volume'
                ),
            p_param_values => t_varchar_table
                (
                    to_char(v_rec.sup_sku_code),
                    to_char(v_rec.shipment_point_code),
                    to_char(v_rec.transport_type_code),
                    to_char(v_rec.dev_sku_code),
                    to_char(v_rec.sup_style_color_code),
                    to_char(v_rec.dev_style_color_coll_code),
                    to_char(v_rec.dev_style_color_code),
                    to_char(v_rec.collection_code),
                    to_char(v_rec.delivery_country_code),
                    to_char(v_rec.main_currency_code),
                    to_char(v_rec.alt_currency_code),
                    to_char(v_rec.royalty_rate),
                    to_char(v_rec.royalty_base),
                    to_char(v_rec.planned_volume),
                    to_char(v_rec.planned_weight),
                    to_char(v_rec.effective_date),
                    to_char(v_rec.vat_rate),
                    to_char(v_rec.target_mup),
                    to_char(v_rec.lc_net_main_currency),
                    to_char(v_rec.lc_net_alt_currency),
                    to_char(v_rec.hs_code),
                    to_char(v_rec.planned_mup),
                    to_char(v_rec.production_region_code),
                    to_char(v_rec.rrp_net),
                    to_char(v_rec.error_text),
                    to_char(v_rec.pp_net_main_currency),
                    to_char(v_rec.pp_net_alt_currency),
                    to_char(v_rec.custom_type),
                    to_char(v_rec.custom_cost_main_currency),
                    to_char(v_rec.custom_cost_alt_currency),
                    to_char(v_rec.royalty_cost_main_currency),
                    to_char(v_rec.royalty_cost_alt_currency),
                    to_char(v_rec.delivery_cost_main_currency),
                    to_char(v_rec.delivery_cost_alt_currency),
                    to_char(v_rec.purchase_price),
                    to_char(v_rec.purchase_price_currency_code),
                    to_char(v_rec.purchase_price_vat_type),
                    to_char(v_rec.purchase_price_alt),
                    to_char(v_rec.roaylty_percent_to_pp),
                    to_char(v_rec.custom_percent_to_pp),
                    to_char(v_rec.delivery_percent_to_pp),
                    to_char(v_rec.quantity_total),
                    to_char(v_rec.quantity_retail),
                    to_char(v_rec.quantity_wholesale),
                    to_char(v_rec.quantity_on_hold),
                    to_char(v_rec.is_multiple_regions),
                    to_char(v_rec.is_priority),
                    to_char(v_rec.is_priority_manual),
                    to_char(v_rec.is_priority_base),
                    top_calc_utils.gv_data.err_text,
                    v_rec.po_code,
                    v_rec.specification_code,
                    v_rec.planned_weight,
                    v_rec.planned_volume
                )
        );
end;