--  омментарии, оказавшиес€ прив€занными к лексемам составного ключевого слова, не должны тер€тьс€

select
    *
from
    a
        full outer join /* полное */ /* внешнее */ /* соединение */
    b
        on
            (1 = 1)

/*****************************************************************************
 *                                                                           *
 *   ƒобавим тестовых случаев на другие варианты расположени€ комментариев   *
 *                                                                           *
 *****************************************************************************/

-- строчные after-комментарии
select
    *
from
    a
        full outer join -- полное -- внешнее -- соединение
    b
        on
            (1 = 1)

-- above-комментарии
select
    *
from
    a
        /* полное */
        /* внешнее */
        /* соединение */
        full outer join
    b
        on
            (1 = 1)

-- far above-комментарии
select
    *
from
    a

        /* полное */

        /* внешнее */

        /* соединение */

        full outer join
    b
        on
            (1 = 1)

-- below-комментарии
select
    *
from
    a
        full outer join
        /* полное */
        /* внешнее */
        /* соединение */
    b
        on
            (1 = 1)

-- far below-комментарии
select
    *
from
    a
        full outer join

        /* полное */

        /* внешнее */

        /* соединение */

    b
        on
            (1 = 1)